0 9.36731 10.8787
1 7.84949 9.92631
2 7.45159 9.31866
3 7.45159 9.1571
4 6.3045 8.72499
5 6.48671 8.21615
6 5.92413 7.75062
7 5.95031 7.39704
8 5.95031 7.08283
9 5.75808 6.64922
10 5.75808 6.70246
11 5.75808 6.43721
12 5.74619 6.213
13 5.75808 5.97497
14 5.67157 5.97876
15 5.67157 5.8185
16 5.67157 5.81265
17 5.67157 5.83534
18 5.55254 5.78638
19 5.55254 5.66677
20 5.50816 5.61851
21 5.50816 5.71005
22 5.42236 5.62666
23 5.39049 5.51609
24 5.15421 5.43314
25 5.12518 5.38441
26 5.02871 5.27811
27 5.02871 5.25592
28 5.02871 5.20624
29 4.95934 5.14129
30 4.84129 5.06557
31 4.59137 5.10911
32 4.59137 5.17034
33 4.59137 4.77164
34 4.59137 4.76562
35 4.59137 4.65402
36 4.39641 4.59319
37 4.31226 4.55339
38 4.24456 4.45162
39 4.08809 4.38746
40 4.08809 4.33385
41 4.08809 4.33643
42 4.02211 4.2222
43 4.02039 4.10552
44 4.02039 4.09699
45 4.02039 4.10118
46 4.02039 4.04932
47 3.97592 4.0201
48 3.97592 4.01878
49 3.97592 4.02878
50 3.75543 4.00175
51 3.71096 3.98046
52 3.71096 3.98185
53 3.71096 3.87071
54 3.71096 3.91681
55 3.71096 3.9031
56 3.56809 3.78834
57 3.56809 3.77069
58 3.56809 3.72999
59 3.56809 3.69699
60 3.41967 3.63475
61 3.30974 3.58899
62 3.2305 3.47545
63 3.2305 3.30256
64 3.2305 3.24547
65 3.2305 3.2305
66 3.2305 3.2305
67 3.2305 3.2305
68 3.2305 3.2305
69 3.2305 3.2305
70 3.2305 3.2305
71 3.2305 3.2305
72 3.2305 3.2305
73 3.2305 3.2305
74 3.2305 3.2305
75 3.2305 3.2305
76 3.2305 3.2305
77 3.2305 3.2305
78 3.2305 3.2305
79 3.2305 3.2305
80 3.2305 3.23542
81 3.19701 3.22983
82 3.19701 3.22841
83 3.19701 3.23672
84 3.19701 3.21836
85 3.19701 3.20753
86 3.19701 3.19918
87 3.19701 3.19781
88 3.19701 3.19701
89 3.19701 3.19701
90 3.19701 3.19701
91 3.19701 3.19701
92 3.19701 3.19701
93 3.19701 3.19701
94 3.19701 3.19701
95 3.19701 3.19701
96 3.19701 3.19701
97 3.1609 3.19629
98 3.1609 3.19065
99 3.1609 3.17765
100 2.76536 3.16744
101 3.0454 3.16544
102 2.76536 3.13938
103 2.76536 3.05428
104 2.76536 3.03059
105 2.76536 3.11098
106 2.76536 3.01046
107 2.76536 2.83728
108 2.76536 2.85622
109 2.76536 2.99766
110 2.75942 2.91731
111 2.75942 2.77044
112 2.51822 2.75923
113 2.51822 2.73039
114 2.51822 2.65245
115 2.51822 2.55313
116 2.51822 2.51822
117 2.47474 2.51735
118 2.47474 2.50779
119 2.47474 2.49126
120 2.47474 2.47474
121 2.47474 2.47474
122 2.47474 2.47474
123 2.47474 2.47474
124 2.47474 2.47474
125 2.47474 2.47474
126 2.47474 2.47474
127 2.47474 2.47474
128 2.47474 2.47474
129 2.47474 2.47474
130 2.47474 2.47474
131 2.47474 2.47474
132 2.47474 2.47474
133 2.47474 2.47474
134 2.47474 2.47474
135 2.47474 2.47474
136 2.47474 2.47474
137 2.46256 2.47448
138 2.46256 2.47297
139 2.46256 2.58287
140 2.46207 2.55692
141 2.46207 2.59053
142 2.46207 2.56952
143 2.41857 2.48872
144 2.41857 2.45946
145 2.41857 2.4525
146 2.35944 2.43389
147 2.35944 2.42459
148 2.31594 2.41121
149 2.31594 2.39635
150 2.27153 2.36813
151 2.27153 2.36981
152 2.27153 2.36706
153 2.27153 2.3301
154 2.27153 2.2998
155 2.27153 2.28626
156 2.27153 2.27826
157 2.27153 2.2829
158 2.22973 2.27069
159 2.22973 2.26902
160 2.21512 2.25953
161 2.21512 2.24102
162 2.21512 2.22647
163 2.21512 2.22155
164 2.21512 2.22326
165 2.21512 2.216
166 2.21512 2.21512
167 2.21512 2.21512
168 2.21512 2.21512
169 2.21512 2.21512
170 2.21512 2.21512
171 2.21512 2.21512
172 2.21512 2.21512
173 2.21512 2.21574
174 2.21512 2.21636
175 2.21512 2.21512
176 2.21286 2.21507
177 2.21286 2.21498
178 2.21286 2.21476
179 2.21286 2.29239
180 2.21286 2.35168
181 2.21286 2.32298
182 2.21286 2.23455
183 2.21286 2.21286
184 2.17166 2.21204
185 2.17166 2.20509
186 2.17166 2.2205
187 2.17166 2.18959
188 2.17166 2.24244
189 2.17166 2.2374
190 2.17166 2.34199
191 2.17166 2.22888
192 2.17166 2.2418
193 2.15382 2.1713
194 2.15382 2.16595
195 2.15382 2.16167
196 2.15382 2.15596
197 2.15382 2.15489
198 2.14807 2.15359
199 2.14807 2.15313
200 2.14807 2.15221
201 2.04003 2.14764
202 2.04003 2.13675
203 2.04003 2.09568
204 2.04003 2.06904
205 2.00467 2.03932
206 2.00467 2.03437
207 1.93369 2.02376
208 1.93369 2.03262
209 1.93369 2.12847
210 1.93369 2.05587
211 1.92457 2.00102
212 1.92457 2.03768
213 1.92457 1.99324
214 1.91852 2.08058
215 1.92361 2.15836
216 1.92361 2.12485
217 1.92361 2.02456
218 1.92361 2.07264
219 1.92361 1.99455
220 1.92361 1.92792
221 1.92361 1.92369
222 1.92361 1.93343
223 1.92361 1.92361
224 1.92361 1.92361
225 1.92361 1.92361
226 1.92361 1.92361
227 1.92361 1.92361
228 1.92361 1.92361
229 1.92361 1.92361
230 1.92361 1.92361
231 1.92361 1.92361
232 1.92361 1.92361
233 1.92361 1.92361
234 1.92361 1.92361
235 1.92361 1.92361
236 1.92361 1.92361
237 1.92361 1.92361
238 1.92361 1.92361
239 1.92361 1.92361
240 1.92361 1.92361
241 1.92361 1.92361
242 1.92361 1.92361
243 1.92361 1.92361
244 1.92361 1.9422
245 1.92361 1.92933
246 1.92361 1.92361
247 1.92361 1.92361
248 1.92361 1.92361
249 1.88436 1.92283
250 1.88436 1.91812
251 1.88436 1.90948
252 1.88436 1.893
253 1.88436 1.88812
254 1.88436 1.91673
255 1.88436 1.96184
256 1.88436 2.0207
257 1.88338 1.94848
258 1.88338 1.88477
259 1.88338 1.88411
260 1.88338 1.88367
261 1.88338 1.88351
262 1.88338 1.88342
263 1.85594 1.88238
264 1.85594 1.87679
265 1.85594 1.87021
266 1.85594 1.86692
267 1.85594 1.86253
268 1.85594 1.85978
269 1.85594 1.86901
270 1.85594 1.86308
271 1.85594 1.85693
272 1.85594 1.86083
273 1.85594 1.85594
274 1.85594 1.85594
275 1.72434 1.85331
276 1.72434 1.83994
277 1.72434 1.81361
278 1.72434 1.77431
279 1.72434 1.75834
280 1.72434 1.74441
281 1.72434 1.73389
282 1.72434 1.72434
283 1.72434 1.72752
284 1.72434 1.72434
285 1.72434 1.72434
286 1.72434 1.72434
287 1.72434 1.72434
288 1.72434 1.72434
289 1.72434 1.72434
290 1.72434 1.74139
291 1.72434 1.73071
292 1.72434 1.73413
293 1.72434 1.72434
294 1.72434 1.72434
295 1.72434 1.72434
296 1.72434 1.72434
297 1.72434 1.72786
298 1.72434 1.72434
299 1.72434 1.72434
300 1.72434 1.72434
301 1.72434 1.72434
302 1.72434 1.72434
303 1.72434 1.72434
304 1.69756 1.72381
305 1.69756 1.72357
306 1.71231 1.72371
307 1.65756 1.72093
308 1.65756 1.71211
309 1.65756 1.69012
310 1.65756 1.66242
311 1.65756 1.65756
312 1.65756 1.65756
313 1.65756 1.6682
314 1.65756 1.65756
315 1.65756 1.65756
316 1.65201 1.65745
317 1.65201 1.65667
318 1.65201 1.65689
319 1.65201 1.65578
320 1.6083 1.65347
321 1.6083 1.64531
322 1.6083 1.63952
323 1.6083 1.62209
324 1.6083 1.60881
325 1.6083 1.6083
326 1.6083 1.6083
327 1.6083 1.6083
328 1.57761 1.60769
329 1.57761 1.60339
330 1.57761 1.59295
331 1.57761 1.59162
332 1.57761 1.58277
333 1.57761 1.57822
334 1.57761 1.57761
335 1.57761 1.58366
336 1.57761 1.57761
337 1.57761 1.57761
338 1.57761 1.57761
339 1.57761 1.57761
340 1.57761 1.57761
341 1.57761 1.57761
342 1.57761 1.59986
343 1.57761 1.57761
344 1.57761 1.57761
345 1.57761 1.57761
346 1.57761 1.58348
347 1.34282 1.58269
348 1.34282 1.64913
349 1.34282 1.47924
350 1.34282 1.39944
351 1.34282 1.36236
352 1.34282 1.34968
353 1.34282 1.34282
354 1.34282 1.34282
355 1.34282 1.34282
356 1.34282 1.34282
357 1.34282 1.34282
358 1.34282 1.34282
359 1.34282 1.34282
360 1.34282 1.34282
361 1.34282 1.34282
362 1.34282 1.34282
363 1.34018 1.34277
364 1.34018 1.3425
365 1.34018 1.34187
366 1.34018 1.34124
367 1.34018 1.34034
368 1.34018 1.34018
369 1.34018 1.34018
370 1.34018 1.34018
371 1.34018 1.34018
372 1.34018 1.34018
373 1.34018 1.34018
374 1.29015 1.34063
375 1.29015 1.33131
376 1.29015 1.32137
377 1.29015 1.30581
378 1.27064 1.29292
379 1.27064 1.28634
380 1.27064 1.2801
381 1.27064 1.27522
382 1.27064 1.27268
383 1.27064 1.27103
384 1.27064 1.27064
385 1.27064 1.2722
386 1.27064 1.27103
387 1.27064 1.30023
388 1.27064 1.27103
389 1.27064 1.27359
390 1.27064 1.27296
391 1.27064 1.27064
392 1.27064 1.27064
393 1.27064 1.27754
394 1.27064 1.27064
395 1.27064 1.27064
396 1.27064 1.27064
397 1.27064 1.27064
398 1.27064 1.27064
399 1.25567 1.27034
400 1.25567 1.26854
401 1.25567 1.26435
402 1.25567 1.26076
403 1.25567 1.25567
404 1.25567 1.25567
405 1.25567 1.25989
406 1.25567 1.25567
407 1.25567 1.25567
408 1.25567 1.25567
409 1.25567 1.25567
410 1.25567 1.25567
411 1.25567 1.25567
412 1.25567 1.25567
413 1.25567 1.25567
414 1.25318 1.25562
415 1.25318 1.25522
416 1.25318 1.25432
417 1.25318 1.25318
418 1.25318 1.25318
419 1.25318 1.25318
420 1.25318 1.27913
421 1.25318 1.26028
422 1.25318 1.25328
423 1.25318 1.25318
424 1.25318 1.25318
425 1.25318 1.25646
426 1.25318 1.25318
427 1.25318 1.2771
428 1.25318 1.25983
429 1.25318 1.25318
430 1.25318 1.28809
431 1.25318 1.33941
432 1.25318 1.35797
433 1.25318 1.3143
434 1.25318 1.31931
435 1.25318 1.25318
436 1.25318 1.25318
437 1.25318 1.25318
438 1.25318 1.25318
439 1.25318 1.25318
440 1.25318 1.25318
441 1.25318 1.25318
442 1.25318 1.25318
443 1.25318 1.25318
444 1.25318 1.25318
445 1.25318 1.25318
446 1.25318 1.25318
447 1.25318 1.25318
448 1.25318 1.25318
449 1.25318 1.25318
450 1.25318 1.25318
451 1.25318 1.25318
452 1.25318 1.25318
453 1.25318 1.25318
454 1.25318 1.25318
455 1.25318 1.25318
456 1.25318 1.27572
457 1.25318 1.35352
458 1.25318 1.28538
459 1.25318 1.25477
460 1.25318 1.25318
461 1.25318 1.25318
462 1.25318 1.25318
463 1.25318 1.25318
464 1.25318 1.25318
465 1.25318 1.25318
466 1.25318 1.25318
467 1.25318 1.25318
468 1.25318 1.25318
469 1.25318 1.25318
470 1.25318 1.25318
471 1.25318 1.34241
472 1.25318 1.31878
473 1.25318 1.25762
474 1.25318 1.28747
475 1.25318 1.26493
476 1.25318 1.25318
477 1.25318 1.29037
478 1.25318 1.25318
479 1.25318 1.25318
480 1.25318 1.25318
481 1.25318 1.25318
482 1.25318 1.25318
483 1.25318 1.25318
484 1.25318 1.25318
485 1.25318 1.25318
486 1.25318 1.25318
487 1.25318 1.25318
488 1.25318 1.25318
489 1.25318 1.25318
490 1.25318 1.25318
491 1.25318 1.25318
492 1.25318 1.25318
493 1.25318 1.39248
494 1.25318 1.32513
495 1.25318 1.25318
496 1.25318 1.25318
497 1.25318 1.25318
498 1.25318 1.25318
499 1.25318 1.25318
500 1.25318 1.25318
501 1.25318 1.25318
502 1.25318 1.25318
503 1.25318 1.25318
504 1.25112 1.25314
505 1.25112 1.25281
506 1.25112 1.25244
507 1.25112 1.25219
508 1.25112 1.2514
509 1.25112 1.25112
510 1.25112 1.25112
511 1.25112 1.25112
512 1.25112 1.25112
513 1.25112 1.25112
514 1.25112 1.25112
515 1.25112 1.25112
516 1.25112 1.25112
517 1.25112 1.25112
518 1.25112 1.25112
519 1.25112 1.25112
520 1.25112 1.25112
521 1.25112 1.25112
522 1.25112 1.25112
523 1.25112 1.25112
524 1.25112 1.25112
525 1.25112 1.25112
526 1.25112 1.28311
527 1.25112 1.27381
528 1.25112 1.25112
529 1.25112 1.25112
530 1.25112 1.25112
531 1.25112 1.25112
532 1.25112 1.25112
533 1.25112 1.25112
534 1.25112 1.25112
535 1.25112 1.25112
536 1.25112 1.25112
537 1.25112 1.25112
538 1.25112 1.25112
539 1.25112 1.2545
540 1.25112 1.25832
541 1.25112 1.28682
542 1.25112 1.25976
543 1.25112 1.25112
544 1.25112 1.25112
545 1.25112 1.25112
546 1.25112 1.25112
547 1.25112 1.25112
548 1.25112 1.25112
549 1.25112 1.25112
550 1.25112 1.25112
551 1.25112 1.25112
552 1.25112 1.25112
553 1.25112 1.25112
554 1.25112 1.25112
555 1.25112 1.25112
556 1.25112 1.25262
557 1.25112 1.25412
558 1.25112 1.25713
559 1.25112 1.35303
560 1.25112 1.30043
561 1.25112 1.26081
562 1.25112 1.25112
563 1.25112 1.25112
564 1.25112 1.25516
565 1.25112 1.25112
566 1.25112 1.25112
567 1.25112 1.25112
568 1.25112 1.25112
569 1.25112 1.25112
570 1.25112 1.25112
571 1.25112 1.25112
572 1.25112 1.26192
573 1.25112 1.28361
574 1.25112 1.30338
575 1.25112 1.27595
576 1.25112 1.25892
577 1.25112 1.31581
578 1.25112 1.25112
579 1.25112 1.25112
580 1.25112 1.25112
581 1.25112 1.25112
582 1.25112 1.25112
583 1.25112 1.25112
584 1.25112 1.25112
585 1.25112 1.25112
586 1.25112 1.25112
587 1.25112 1.25112
588 1.25112 1.30262
589 1.25112 1.34239
590 1.25112 1.29745
591 1.25112 1.28516
592 1.25112 1.25112
593 1.25112 1.25318
594 1.25112 1.25115
595 1.25112 1.26317
596 1.25112 1.25112
597 1.25112 1.25112
598 1.25112 1.25112
599 1.25112 1.25112
600 1.25112 1.25112
601 1.25112 1.25112
602 1.25112 1.25112
603 1.25112 1.25112
604 1.25112 1.25112
605 1.25112 1.25112
606 1.25112 1.25112
607 1.25112 1.25112
608 1.25112 1.25112
609 1.25112 1.25112
610 1.25112 1.25112
611 1.25112 1.25112
612 1.25112 1.25112
613 1.25112 1.25112
614 1.21094 1.24951
615 1.21094 1.29047
616 1.21094 1.23413
617 1.21094 1.21715
618 1.21094 1.21565
619 1.21094 1.21094
620 1.21094 1.21094
621 1.21094 1.21094
622 1.21094 1.21094
623 1.21094 1.21094
624 1.21094 1.21645
625 1.21094 1.21094
626 1.21094 1.21094
627 1.21094 1.21094
628 1.21094 1.23986
629 1.21094 1.21296
630 1.21094 1.21094
631 1.21094 1.21094
632 1.21094 1.21094
633 1.21094 1.21094
634 1.21094 1.21094
635 1.21094 1.21094
636 1.21094 1.21094
637 1.21094 1.21094
638 1.21094 1.21094
639 1.21094 1.21094
640 1.21094 1.21094
641 1.21094 1.21094
642 1.21094 1.21124
643 1.21094 1.21153
644 1.21094 1.24874
645 1.21094 1.21094
646 1.21094 1.21094
647 1.21094 1.21153
648 1.21094 1.21094
649 1.21094 1.21094
650 1.21094 1.21094
651 1.21094 1.21094
652 1.21094 1.2133
653 1.21094 1.21247
654 1.21094 1.21094
655 1.21094 1.21094
656 1.21094 1.21094
657 1.21094 1.21094
658 1.21094 1.21094
659 1.21094 1.21094
660 1.21094 1.21094
661 1.21094 1.21094
662 1.21094 1.21094
663 1.21094 1.21094
664 1.21094 1.21094
665 1.21094 1.21094
666 1.21094 1.21094
667 1.21094 1.21094
668 1.21094 1.21094
669 1.21094 1.21094
670 1.21094 1.21094
671 1.21094 1.21094
672 1.21094 1.21094
673 1.21094 1.24639
674 1.21094 1.2371
675 1.21094 1.21094
676 1.21094 1.21094
677 1.21094 1.21094
678 1.21094 1.21094
679 1.21094 1.21094
680 1.21094 1.21094
681 1.21094 1.21094
682 1.21094 1.21094
683 1.21094 1.21094
684 1.21094 1.22822
685 1.21094 1.21094
686 1.21094 1.21094
687 1.21094 1.21094
688 1.21094 1.21094
689 1.21094 1.21094
690 1.21094 1.21094
691 1.20975 1.21091
692 1.20975 1.21077
693 1.20975 1.21022
694 1.20975 1.2102
695 1.20975 1.20975
696 1.20975 1.20975
697 1.20975 1.20975
698 1.20975 1.23156
699 1.20975 1.22905
700 1.20975 1.28341
701 1.20975 1.2161
702 1.20975 1.20975
703 1.20975 1.20975
704 1.20975 1.20975
705 1.20975 1.20975
706 1.20975 1.20975
707 1.20975 1.20975
708 1.19722 1.2095
709 1.19722 1.20749
710 1.19722 1.20424
711 1.19722 1.20098
712 1.19722 1.19973
713 1.19722 1.19722
714 1.19722 1.19751
715 1.19722 1.19722
716 1.19722 1.19722
717 1.19722 1.19722
718 1.19722 1.19722
719 1.19722 1.19722
720 1.19722 1.19722
721 1.17941 1.19687
722 1.17941 1.19473
723 1.17941 1.18654
724 1.17941 1.18191
725 1.17941 1.18404
726 1.17941 1.18226
727 1.17941 1.18333
728 1.17941 1.17941
729 1.17941 1.17941
730 1.17941 1.17941
731 1.17941 1.17941
732 1.17941 1.17941
733 1.17941 1.17941
734 1.17941 1.17941
735 1.17941 1.17941
736 1.17941 1.17941
737 1.17941 1.17941
738 1.17941 1.17941
739 1.17941 1.17941
740 1.17941 1.17941
741 1.17941 1.17941
742 1.17941 1.17941
743 1.17941 1.18605
744 1.17941 1.17941
745 1.17941 1.17941
746 1.17941 1.17941
747 1.17941 1.17941
748 1.17941 1.17941
749 1.17941 1.17941
750 1.17895 1.17941
751 1.17895 1.17935
752 1.17895 1.17926
753 1.17895 1.17904
754 1.17895 1.17905
755 1.17895 1.17895
756 1.17895 1.17895
757 1.17895 1.17895
758 1.17895 1.17895
759 1.17895 1.17895
760 1.17895 1.17895
761 1.17288 1.17883
762 1.17288 1.17859
763 1.17288 1.17774
764 1.17288 1.1758
765 1.17288 1.17385
766 1.17288 1.17312
767 1.17288 1.17337
768 1.17288 1.23085
769 1.17288 1.17288
770 1.17288 1.17288
771 1.17288 1.17288
772 1.17288 1.17288
773 1.17288 1.17288
774 1.17288 1.17288
775 1.17288 1.17288
776 1.17288 1.17288
777 1.17288 1.17288
778 1.17288 1.17288
779 1.17288 1.17288
780 1.17288 1.17288
781 1.17288 1.17288
782 1.17288 1.17693
783 1.17288 1.21
784 1.17288 1.19723
785 1.17288 1.25436
786 1.17288 1.31356
787 1.17288 1.2155
788 1.17288 1.23557
789 1.17288 1.2323
790 1.17288 1.2322
791 1.17288 1.17288
792 1.17288 1.18935
793 1.17288 1.18892
794 1.17288 1.18654
795 1.17288 1.17835
796 1.17288 1.24919
797 1.17288 1.17613
798 1.17288 1.18697
799 1.17288 1.175
800 1.17288 1.17288
801 1.17288 1.17495
802 1.17288 1.17288
803 1.17288 1.17288
804 1.17288 1.17288
805 1.17288 1.17288
806 1.17288 1.17288
807 1.17288 1.17288
808 1.17288 1.17288
809 1.17288 1.17288
810 1.17288 1.17288
811 1.17288 1.17288
812 1.17288 1.17288
813 1.17288 1.17288
814 1.17288 1.17288
815 1.17288 1.17288
816 1.17288 1.17288
817 1.17288 1.17288
818 1.17288 1.17288
819 1.17288 1.17288
820 1.17288 1.17288
821 1.17288 1.17288
822 1.17288 1.17288
823 1.17288 1.17288
824 1.17288 1.17288
825 1.17288 1.17288
826 1.17288 1.17288
827 1.17288 1.17288
828 1.17288 1.17288
829 1.17288 1.17288
830 1.15771 1.2
831 1.15771 1.35752
832 1.15771 1.33593
833 1.15771 1.32773
834 1.15771 1.28818
835 1.15771 1.169
836 1.15771 1.15983
837 1.15771 1.15771
838 1.15771 1.16424
839 1.15771 1.18236
840 1.15771 1.15771
841 1.15771 1.15771
842 1.15771 1.15771
843 1.15771 1.15771
844 1.15771 1.15771
845 1.15771 1.15771
846 1.15771 1.15771
847 1.15771 1.15771
848 1.15771 1.15771
849 1.15771 1.15771
850 1.15771 1.15771
851 1.15771 1.15771
852 1.15771 1.15771
853 1.15771 1.17723
854 1.15771 1.15771
855 1.11671 1.15689
856 1.11671 1.15115
857 1.11671 1.14623
858 1.11671 1.13065
859 1.11671 1.11671
860 1.11671 1.11671
861 1.11671 1.11671
862 1.11671 1.11671
863 1.11671 1.11671
864 1.11671 1.11671
865 1.11671 1.11671
866 1.11671 1.11671
867 1.11671 1.11671
868 1.11671 1.11671
869 1.11671 1.11671
870 1.11671 1.11671
871 1.11671 1.11671
872 1.11671 1.11671
873 1.11671 1.11671
874 1.11671 1.11671
875 1.11671 1.11878
876 1.11671 1.11671
877 1.11671 1.11671
878 1.11671 1.11671
879 1.11671 1.11671
880 1.11671 1.11671
881 1.11671 1.11671
882 1.11671 1.11671
883 1.11671 1.11671
884 1.11671 1.11671
885 1.11671 1.11671
886 1.11671 1.11671
887 1.11671 1.11671
888 1.11671 1.11671
889 1.11671 1.11671
890 1.11671 1.11671
891 1.11671 1.11671
892 1.11671 1.11671
893 1.11671 1.11671
894 1.11671 1.19532
895 1.11671 1.11671
896 1.11671 1.13821
897 1.11671 1.11671
898 1.11671 1.11671
899 1.11671 1.11671
900 1.11671 1.11671
901 1.11671 1.11671
902 1.11671 1.11671
903 1.11671 1.11671
904 1.11671 1.11671
905 1.11671 1.11671
906 1.11671 1.11671
907 1.11671 1.11671
908 1.11671 1.11671
909 1.11671 1.11671
910 1.11671 1.11671
911 1.11671 1.11671
912 1.11671 1.11671
913 1.11671 1.11671
914 1.11671 1.11671
915 1.11671 1.11671
916 1.11671 1.11671
917 1.11671 1.11671
918 1.11671 1.11671
919 1.11671 1.11671
920 1.11671 1.11671
921 1.11671 1.13237
922 1.11671 1.11671
923 1.11671 1.11671
924 1.11671 1.11671
925 1.11671 1.11671
926 1.11671 1.11671
927 1.11671 1.11671
928 1.11671 1.11671
929 1.11671 1.13532
930 1.11671 1.11671
931 1.11671 1.11671
932 1.11671 1.11671
933 1.11671 1.11671
934 1.11671 1.11671
935 1.11671 1.11671
936 1.11671 1.11671
937 1.11671 1.11671
938 1.11671 1.11671
939 1.11671 1.11671
940 1.11671 1.11671
941 1.11671 1.11671
942 1.11671 1.11671
943 1.11671 1.12102
944 1.11671 1.12036
945 1.11671 1.11671
946 1.10812 1.12172
947 1.10812 1.11602
948 1.10812 1.11396
949 1.10812 1.11241
950 1.10812 1.1107
951 1.10812 1.11275
952 1.10812 1.10812
953 1.10812 1.10812
954 1.10812 1.10934
955 1.10812 1.11056
956 1.10812 1.11299
957 1.10812 1.10812
958 1.10812 1.10812
959 1.10812 1.10812
960 1.10812 1.10812
961 1.10812 1.10812
962 1.10812 1.10812
963 1.10812 1.10812
964 1.10812 1.10812
965 1.10812 1.10812
966 1.10812 1.10812
967 1.10812 1.10812
968 1.10812 1.10812
969 1.10812 1.10812
970 1.10812 1.10812
971 1.10812 1.10812
972 1.10812 1.10812
973 1.10812 1.10812
974 1.10812 1.10812
975 1.10812 1.10812
976 1.10812 1.10812
977 1.10812 1.10812
978 1.10812 1.10812
979 1.10812 1.10812
980 1.10812 1.10812
981 1.10812 1.10812
982 1.10812 1.10812
983 1.10812 1.10812
984 1.10812 1.10812
985 1.10812 1.10812
986 1.10812 1.10812
987 1.10812 1.10812
988 1.10812 1.10812
989 1.10812 1.10812
990 1.10812 1.10812
991 1.10812 1.11149
992 1.10812 1.11307
993 1.10812 1.10813
994 1.10812 1.15193
995 1.10812 1.10824
996 1.10812 1.10812
997 1.10812 1.16015
998 1.10812 1.10812
999 1.10812 1.10812
1000 1.10812 1.10812
1001 1.10812 1.10812
1002 1.10812 1.10812
1003 1.10812 1.10812
1004 1.10812 1.10812
1005 1.10812 1.10812
1006 1.10812 1.10812
1007 1.10812 1.10812
1008 1.10812 1.10812
1009 1.10812 1.10812
1010 1.10812 1.10812
1011 1.10812 1.10812
1012 1.10812 1.10812
1013 1.10812 1.10812
1014 1.10812 1.10812
1015 1.10812 1.10812
1016 1.10812 1.10812
1017 1.10812 1.10812
1018 1.10812 1.10812
1019 1.10812 1.10812
1020 1.10812 1.10812
1021 1.10812 1.10812
1022 1.10812 1.10812
1023 1.10812 1.10812
1024 1.10812 1.10812
1025 1.10812 1.10812
1026 1.10812 1.10812
1027 1.10812 1.10812
1028 1.10812 1.10812
1029 1.10812 1.10812
1030 1.10812 1.10812
1031 1.10812 1.10812
1032 1.10812 1.10812
1033 1.10812 1.11838
1034 1.10812 1.10812
1035 1.10812 1.10812
1036 1.10812 1.10812
1037 1.10812 1.10812
1038 1.10812 1.10812
1039 1.10812 1.10812
1040 1.10812 1.10812
1041 1.10812 1.10812
1042 1.10812 1.10812
1043 1.10812 1.10812
1044 1.10812 1.10812
1045 1.10812 1.10812
1046 1.10812 1.10812
1047 1.10812 1.10812
1048 1.10812 1.17304
1049 1.10812 1.23729
1050 1.10812 1.12525
1051 1.10812 1.11741
1052 1.10812 1.10812
1053 1.10812 1.10812
1054 1.10812 1.10812
1055 1.10812 1.10812
1056 1.10812 1.10812
1057 1.10812 1.10812
1058 1.10812 1.10812
1059 1.10812 1.10812
1060 1.10812 1.10812
1061 1.10812 1.10812
1062 1.10812 1.10812
1063 1.10812 1.10812
1064 1.10812 1.10812
1065 1.10812 1.10812
1066 1.10812 1.10812
1067 1.10812 1.10812
1068 1.10812 1.10812
1069 1.10812 1.10812
1070 1.10812 1.10812
1071 1.10812 1.10812
1072 1.10812 1.15374
1073 1.10812 1.14762
1074 1.10812 1.12531
1075 1.10812 1.11607
1076 1.10812 1.10812
1077 1.10812 1.10812
1078 1.10812 1.10812
1079 1.10812 1.10812
1080 1.10812 1.10812
1081 1.10812 1.11057
1082 1.10812 1.10812
1083 1.10812 1.10812
1084 1.10812 1.11009
1085 1.10812 1.10812
1086 1.10812 1.10812
1087 1.10812 1.10812
1088 1.10812 1.10812
1089 1.10812 1.10812
1090 1.10812 1.10812
1091 1.10812 1.10812
1092 1.10812 1.10812
1093 1.10812 1.10812
1094 1.10812 1.10812
1095 1.10812 1.10812
1096 1.10812 1.10812
1097 1.10812 1.10812
1098 1.10812 1.10812
1099 1.10812 1.10812
1100 1.10812 1.10812
1101 1.10812 1.10812
1102 1.10812 1.10812
1103 1.10812 1.11097
1104 1.10812 1.12238
1105 1.10812 1.10812
1106 1.10812 1.10812
1107 1.10812 1.10812
1108 1.10812 1.10812
1109 1.10812 1.10812
1110 1.10812 1.10812
1111 1.10812 1.10812
1112 1.10812 1.10812
1113 1.10812 1.10812
1114 1.10812 1.10812
1115 1.10812 1.10812
1116 1.10812 1.10812
1117 1.10812 1.10812
1118 1.10812 1.10812
1119 1.10812 1.10812
1120 1.10812 1.10812
1121 1.10812 1.10812
1122 1.10812 1.10812
1123 1.10812 1.10812
1124 1.10812 1.10812
1125 1.10812 1.10812
1126 1.10812 1.10812
1127 1.10812 1.10812
1128 1.10812 1.10812
1129 1.10812 1.10812
1130 1.10812 1.10812
1131 1.10812 1.10812
1132 1.10812 1.11069
1133 1.10812 1.17618
1134 1.10812 1.10812
1135 1.10812 1.10812
1136 1.10812 1.10812
1137 1.10812 1.10812
1138 1.10812 1.10812
1139 1.10812 1.10812
1140 1.10812 1.10812
1141 1.10812 1.12155
1142 1.10812 1.1331
1143 1.10812 1.11052
1144 1.10812 1.10812
1145 1.10812 1.10812
1146 1.10812 1.10812
1147 1.10812 1.10812
1148 1.10812 1.10812
1149 1.10812 1.10812
1150 1.10812 1.10812
1151 1.10812 1.10812
1152 1.10812 1.10812
1153 1.10812 1.10812
1154 1.10812 1.10812
1155 1.10812 1.10812
1156 1.10812 1.10812
1157 1.10812 1.10812
1158 1.08091 1.10758
1159 1.08091 1.10431
1160 1.08091 1.09234
1161 1.08091 1.08907
1162 1.08091 1.08581
1163 1.08091 1.08091
1164 1.08091 1.08091
1165 1.08091 1.08091
1166 1.08091 1.08091
1167 1.08091 1.08091
1168 1.08091 1.08091
1169 1.08091 1.08091
1170 1.08091 1.08091
1171 1.08091 1.08091
1172 1.08091 1.08091
1173 1.08091 1.08091
1174 1.08091 1.08091
1175 1.08091 1.08091
1176 1.08091 1.08091
1177 1.08091 1.08091
1178 1.08091 1.08091
1179 1.08091 1.08091
1180 1.08091 1.08793
1181 1.08091 1.08091
1182 1.08091 1.08091
1183 1.08091 1.08091
1184 1.08091 1.08091
1185 1.08091 1.08091
1186 1.08091 1.15454
1187 1.08091 1.12621
1188 1.08091 1.08091
1189 1.08091 1.08091
1190 1.08091 1.08091
1191 1.08091 1.0827
1192 1.08091 1.08091
1193 1.08091 1.08091
1194 1.08091 1.08091
1195 1.08091 1.08091
1196 1.08091 1.08091
1197 1.08091 1.08091
1198 1.08091 1.08091
1199 1.08091 1.08091
1200 1.08091 1.08091
1201 1.08091 1.08091
1202 1.08091 1.08091
1203 1.08091 1.08091
1204 1.08091 1.08091
1205 1.08091 1.08091
1206 1.08091 1.08091
1207 1.08091 1.08091
1208 1.08091 1.08091
1209 1.08091 1.08091
1210 1.08091 1.08091
1211 1.08091 1.08091
1212 1.08091 1.08091
1213 1.08091 1.1092
1214 1.08091 1.08923
1215 1.08091 1.0971
1216 1.08091 1.08091
1217 1.08091 1.09792
1218 1.08091 1.12505
1219 1.08091 1.08091
1220 1.08091 1.08162
1221 1.08091 1.08162
1222 1.08091 1.08354
1223 1.08091 1.08815
1224 1.08091 1.10001
1225 1.08091 1.08208
1226 1.08091 1.08091
1227 1.08091 1.08091
1228 1.08091 1.08091
1229 1.08091 1.08091
1230 1.08091 1.08091
1231 1.08091 1.08091
1232 1.08091 1.08091
1233 1.08091 1.08091
1234 1.08091 1.08091
1235 1.08091 1.08091
1236 1.08091 1.08091
1237 1.08091 1.08091
1238 1.08091 1.08091
1239 1.08091 1.08091
1240 1.05371 1.08037
1241 1.05371 1.07656
1242 1.05371 1.06776
1243 1.05371 1.0964
1244 1.05371 1.05599
1245 1.05371 1.05371
1246 1.05371 1.05371
1247 1.05371 1.05371
1248 1.05371 1.05371
1249 1.05371 1.05371
1250 1.05371 1.05371
1251 1.05371 1.05371
1252 1.05371 1.05371
1253 1.05371 1.05371
1254 1.05371 1.05371
1255 1.04819 1.0536
1256 1.04819 1.05304
1257 1.04819 1.05183
1258 1.04819 1.05007
1259 1.04819 1.04841
1260 1.04819 1.04819
1261 1.04819 1.04819
1262 1.04819 1.04819
1263 1.04819 1.04819
1264 1.04819 1.04863
1265 1.04819 1.05059
1266 1.04819 1.05468
1267 1.04819 1.04819
1268 1.04819 1.04819
1269 1.04819 1.04819
1270 1.04819 1.0483
1271 1.04819 1.05032
1272 1.04819 1.04819
1273 1.04819 1.04819
1274 1.04819 1.04819
1275 1.04819 1.04819
1276 1.04819 1.04819
1277 1.04819 1.05956
1278 1.04819 1.04819
1279 1.04819 1.04819
1280 1.04819 1.04819
1281 1.04819 1.04819
1282 1.04819 1.04819
1283 1.04819 1.04819
1284 1.04819 1.04819
1285 1.04819 1.05252
1286 1.04819 1.04819
1287 1.04819 1.11199
1288 1.04819 1.08811
1289 1.04819 1.04819
1290 1.04819 1.04819
1291 1.04819 1.04819
1292 1.04819 1.05379
1293 1.04819 1.0502
1294 1.04819 1.04819
1295 1.04819 1.04819
1296 1.04819 1.04819
1297 1.04819 1.07117
1298 1.04819 1.13705
1299 1.04819 1.05274
1300 1.04819 1.0684
1301 1.04819 1.04819
1302 1.04819 1.04819
1303 1.04819 1.04819
1304 1.04819 1.04819
1305 1.04819 1.04819
1306 1.04819 1.04819
1307 1.04819 1.04819
1308 1.04819 1.04819
1309 1.04819 1.04819
1310 1.04819 1.04819
1311 1.04819 1.04819
1312 1.04819 1.04819
1313 1.04819 1.04819
1314 1.04819 1.04819
1315 1.04819 1.05235
1316 1.04819 1.04819
1317 1.04819 1.04819
1318 1.04819 1.04819
1319 1.04819 1.04819
1320 1.04819 1.04819
1321 1.04819 1.04819
1322 1.04819 1.04819
1323 1.04819 1.04819
1324 1.04819 1.04819
1325 1.04819 1.04819
1326 1.04819 1.04819
1327 1.04819 1.04819
1328 1.04819 1.04819
1329 1.04819 1.04819
1330 1.04819 1.04819
1331 1.04819 1.04819
1332 1.04819 1.04819
1333 1.04819 1.06105
1334 1.04819 1.04819
1335 1.04819 1.04819
1336 1.04819 1.04819
1337 1.04819 1.04819
1338 1.04819 1.04819
1339 1.04819 1.04819
1340 1.04819 1.04819
1341 1.04819 1.04819
1342 1.04819 1.04819
1343 1.04819 1.04819
1344 1.04819 1.05062
1345 1.04819 1.04819
1346 1.04819 1.04819
1347 1.04819 1.04819
1348 1.04819 1.04819
1349 1.04819 1.04819
1350 1.04819 1.04819
1351 1.04819 1.04819
1352 1.04819 1.04819
1353 1.04819 1.04819
1354 1.04819 1.04819
1355 1.04819 1.04819
1356 1.04819 1.04819
1357 1.04819 1.04819
1358 1.04819 1.04819
1359 1.04819 1.04819
1360 1.04819 1.04819
1361 1.04819 1.04819
1362 1.04819 1.04819
1363 1.04819 1.04819
1364 1.04819 1.04819
1365 1.04819 1.04819
1366 1.04819 1.04819
1367 1.04819 1.04819
1368 1.04819 1.04819
1369 1.04819 1.04819
1370 1.04819 1.04819
1371 1.04819 1.04819
1372 1.04819 1.04819
1373 1.04819 1.04819
1374 1.04819 1.04819
1375 1.04819 1.04819
1376 1.04819 1.04819
1377 1.04819 1.04819
1378 1.04819 1.04819
1379 1.04819 1.04939
1380 1.04819 1.07026
1381 1.04819 1.09263
1382 1.04819 1.05899
1383 1.04819 1.04819
1384 1.04819 1.04819
1385 1.04819 1.04819
1386 1.04819 1.04819
1387 1.04819 1.04819
1388 1.04819 1.04819
1389 1.04819 1.04819
1390 1.04819 1.04819
1391 1.04819 1.04819
1392 1.04819 1.04819
1393 1.04819 1.04819
1394 1.04819 1.04819
1395 1.04819 1.05376
1396 1.04819 1.05493
1397 1.04819 1.05387
1398 1.04819 1.04819
1399 1.04819 1.04819
1400 1.04819 1.04819
1401 1.04819 1.04819
1402 1.04819 1.04819
1403 1.04819 1.04819
1404 1.04819 1.04819
1405 1.04819 1.04819
1406 1.04819 1.04819
1407 1.04819 1.04819
1408 1.04819 1.04819
1409 1.04819 1.04819
1410 1.04819 1.04819
1411 1.04819 1.04819
1412 1.04819 1.04819
1413 1.04819 1.04819
1414 1.04819 1.06533
1415 1.04819 1.08988
1416 1.04819 1.06242
1417 1.04819 1.04819
1418 1.04819 1.06492
1419 1.04819 1.06723
1420 1.04819 1.18516
1421 1.04819 1.25059
1422 1.04819 1.13223
1423 1.04819 1.11473
1424 1.04819 1.05884
1425 1.04819 1.13254
1426 1.04819 1.06474
1427 1.04819 1.04819
1428 1.04819 1.04819
1429 1.04819 1.04819
1430 1.04819 1.04819
1431 1.04819 1.04819
1432 1.04819 1.04819
1433 1.04819 1.04819
1434 1.04819 1.04819
1435 1.04819 1.04819
1436 1.04819 1.04819
1437 1.04819 1.09816
1438 1.04819 1.04819
1439 1.04819 1.04819
1440 1.04819 1.04819
1441 1.04819 1.08018
1442 1.04819 1.07886
1443 1.04819 1.06225
1444 1.04819 1.04819
1445 1.04819 1.04819
1446 1.04819 1.04819
1447 1.04819 1.04819
1448 1.04819 1.04819
1449 1.04819 1.04819
1450 1.04819 1.04819
1451 1.04819 1.04819
1452 1.04819 1.04819
1453 1.04819 1.04819
1454 1.04819 1.04819
1455 1.04819 1.04819
1456 1.04819 1.04819
1457 1.04819 1.04819
1458 1.04819 1.04819
1459 1.04819 1.04819
1460 1.04819 1.04819
1461 1.04819 1.04819
1462 1.04819 1.04819
1463 1.04819 1.04819
1464 1.04819 1.04819
1465 1.04819 1.04819
1466 1.04819 1.04819
1467 1.04819 1.04819
1468 1.04819 1.04819
1469 1.04819 1.04819
1470 1.04819 1.04819
1471 1.04819 1.04819
1472 1.04819 1.04819
1473 1.04819 1.04819
1474 1.04819 1.04819
1475 1.04819 1.04819
1476 1.04819 1.04819
1477 1.04819 1.04819
1478 1.04819 1.04819
1479 1.04819 1.04819
1480 1.04819 1.04819
1481 1.04819 1.04819
1482 1.04819 1.04819
1483 1.04819 1.04819
1484 1.04819 1.04819
1485 1.04819 1.04819
1486 1.04819 1.04819
1487 1.04819 1.04819
1488 1.04819 1.04819
1489 1.04819 1.04819
1490 1.04819 1.04819
1491 1.04819 1.04819
1492 1.04819 1.06901
1493 1.04819 1.17066
1494 1.04819 1.1481
1495 1.04819 1.07305
1496 1.04819 1.04819
1497 1.04819 1.04819
1498 1.04819 1.04819
1499 1.04819 1.04819
