0 49.6605 60.3911
1 35.5163 52.8078
2 35.0137 48.6291
3 34.5673 45.5984
4 29.4111 43.1138
5 34.6469 40.7659
6 31.7286 38.9801
7 31.8355 37.1548
8 31.7286 36.3151
9 29.4111 34.1269
10 29.4111 33.9176
11 29.4111 32.5516
12 28.6223 31.001
13 27.7461 29.8913
14 26.1105 29.6161
15 26.1105 28.706
16 24.1933 28.274
17 24.1933 27.7244
18 24.1933 26.4145
19 24.1933 25.531
20 24.0481 24.4804
21 24.0481 25.2255
22 24.0481 24.5829
23 24.0481 24.2314
24 24.0481 24.0616
25 23.7679 24.0378
26 23.5982 24.0174
27 23.5982 24.2003
28 23.4132 24.2777
29 23.4132 24.2215
30 23.4132 23.9085
31 23.0373 24.0078
32 23.0373 24.4557
33 23.0373 23.7156
34 23.0572 25.0131
35 23.0572 24.3735
36 23.0572 23.6009
37 23.0572 23.3875
38 21.2742 23.0215
39 21.2742 22.8886
40 20.2616 22.524
41 20.2616 22.173
42 20.2616 21.0793
43 20.0657 20.8091
44 20.0657 21.4682
45 20.0657 21.5695
46 20.0657 21.0065
47 20.0657 20.6867
48 20.0657 21.4151
49 19.349 21.5497
50 18.3782 21.3897
51 18.3782 21.7968
52 17.0384 22.0738
53 15.6524 19.9945
54 15.6524 20.1735
55 15.6524 18.9675
56 14.8076 17.1458
57 14.8076 16.4297
58 14.8076 15.6601
59 14.8076 15.1678
60 14.0451 14.9544
61 14.0451 14.7288
62 13.7217 14.2541
63 12.7997 13.8721
64 11.9453 13.4601
65 11.9453 13.147
66 11.9453 12.7682
67 11.8584 12.2222
68 11.8584 11.9418
69 11.8584 11.9157
70 11.8584 11.8682
71 11.8584 11.8601
72 11.8584 11.8584
73 11.8584 11.8584
74 11.8584 11.8595
75 11.8584 11.8584
76 11.8584 11.8584
77 11.8584 11.8584
78 11.8584 11.8584
79 11.8584 11.8584
80 11.8584 11.8635
81 11.0261 11.8459
82 11.0261 11.8025
83 9.94467 11.7164
84 9.94467 11.3828
85 9.94467 10.784
86 9.94467 10.2598
87 9.94467 10.1728
88 9.94467 9.94467
89 9.92788 9.94434
90 9.92788 9.94205
91 9.92788 9.93896
92 9.92788 9.93594
93 9.92788 9.93023
94 9.92788 9.92788
95 9.92788 9.92788
96 9.92788 9.92788
97 9.85589 9.92644
98 9.85589 9.91924
99 9.85589 9.89189
100 9.85589 9.87749
101 9.85589 9.86021
102 9.85589 9.85589
103 9.85589 9.85589
104 9.85589 9.85589
105 8.59767 9.82866
106 8.59767 9.59652
107 8.49393 9.04219
108 8.49393 8.66524
109 8.49393 8.74661
110 8.49393 8.57483
111 8.49393 8.49393
112 8.49393 8.49393
113 8.49393 8.49393
114 8.49393 8.49393
115 8.35375 8.49113
116 8.35375 8.48272
117 8.34871 8.44617
118 8.34871 8.39189
119 8.34871 8.35353
120 8.34871 8.34871
121 8.34871 8.34871
122 8.34871 8.34871
123 8.34871 8.34871
124 8.34871 8.34871
125 8.34871 8.34871
126 8.22846 8.34631
127 8.22846 8.33188
128 8.22846 8.30506
129 8.22846 8.2764
130 8.10281 8.25787
131 8.10281 8.21967
132 8.10281 8.18574
133 8.10281 8.12794
134 8.10281 8.12543
135 8.10281 8.10281
136 8.10281 8.10281
137 8.10281 8.10281
138 7.56581 8.09207
139 7.56581 8.05216
140 7.56581 7.89227
141 7.56581 7.68797
142 7.56581 7.56581
143 7.56581 7.56581
144 7.56581 7.56581
145 7.45951 7.56368
146 7.45951 7.54842
147 7.45951 7.52629
148 7.45951 7.49615
149 7.45951 7.47789
150 7.45951 7.45951
151 7.45951 7.45951
152 7.45951 7.45951
153 7.45951 7.45951
154 7.45951 7.45951
155 7.45951 7.45951
156 7.45951 7.45951
157 7.45951 7.45951
158 7.45951 7.45951
159 7.45951 7.45951
160 7.45951 7.45951
161 7.45951 7.45951
162 7.45951 7.45951
163 7.45951 7.45951
164 7.45951 7.45951
165 7.45951 7.45951
166 7.45951 7.45951
167 7.45951 7.45951
168 7.45951 7.45951
169 7.45951 7.45951
170 7.45951 7.45951
171 7.45951 7.45951
172 7.45951 7.45951
173 7.45951 7.50064
174 7.45951 7.74552
175 7.45951 7.45951
176 7.45951 7.45951
177 7.45951 7.45951
178 7.45951 7.45951
179 7.42194 7.45876
180 7.0399 7.44083
181 6.99728 7.32161
182 6.9597 7.23001
183 6.9597 7.12642
184 6.9597 6.98527
185 6.94833 6.97448
186 6.91075 6.97933
187 6.91075 6.9444
188 6.91075 6.94372
189 6.91075 6.92599
190 6.91075 8.06769
191 6.91075 7.4141
192 6.91075 7.33736
193 6.91075 6.92107
194 6.91075 6.91075
195 6.91075 6.91075
196 6.91075 6.91075
197 6.91075 6.91075
198 6.91075 6.91075
199 6.91075 6.91075
200 6.91075 6.91075
201 6.91075 6.91075
202 6.91075 6.91075
203 6.91075 6.91075
204 6.91075 6.91075
205 6.74122 6.90736
206 6.74122 6.90397
207 6.74122 6.8938
208 6.74122 7.24414
209 6.74122 9.65815
210 6.91075 10.2444
211 6.91075 8.82793
212 6.91075 8.16015
213 6.91075 7.47964
214 6.91075 7.35986
215 6.91075 7.41214
216 6.91075 7.22759
217 6.91075 6.93949
218 6.91075 7.05796
219 6.91075 6.91075
220 6.91075 6.91075
221 6.91075 6.91075
222 6.90971 6.91073
223 6.90971 6.91071
224 6.85974 6.99468
225 6.85974 7.67815
226 6.85974 9.1315
227 6.85974 9.43485
228 6.85974 10.2078
229 6.85974 9.52362
230 6.85974 10.0319
231 6.85974 9.52273
232 6.85974 8.95224
233 6.85974 8.69215
234 6.85974 9.174
235 6.85974 8.79679
236 6.85974 8.18485
237 6.37568 6.89647
238 6.31409 6.8101
239 6.31409 6.76705
240 6.31409 6.6369
241 6.29743 6.33699
242 6.29743 6.35004
243 6.29743 6.3778
244 5.89431 6.64375
245 5.87764 6.4718
246 5.52834 6.28966
247 5.01636 6.01978
248 5.01636 5.72319
249 5.01636 5.42295
250 5.01636 5.13538
251 5.01636 5.03621
252 5.01636 5.01636
253 5.01636 5.01636
254 5.01636 5.02033
255 5.01636 5.82872
256 5.01636 6.18985
257 5.0071 5.70119
258 5.0071 5.06181
259 5.0071 5.01396
260 5.0071 5.01099
261 5.0071 5.00914
262 5.0071 5.00747
263 5.0071 5.0071
264 5.0071 5.0071
265 5.0071 5.0071
266 5.0071 5.0071
267 5.0071 5.0071
268 5.0071 5.0071
269 5.0071 5.09474
270 5.0071 5.0071
271 5.0071 5.0071
272 4.97854 5.00653
273 4.97854 5.00253
274 4.97854 4.99339
275 4.97854 4.98825
276 4.97854 4.97854
277 4.97854 4.97854
278 4.97854 4.97854
279 4.97854 4.97854
280 4.97854 4.97854
281 4.97854 4.97854
282 4.97854 4.97854
283 4.97854 4.97854
284 4.97854 4.97854
285 4.97854 4.97854
286 4.97854 4.97854
287 4.97854 4.97854
288 4.97854 4.97854
289 4.97301 4.97843
290 4.97301 5.07707
291 4.97301 4.97633
292 4.97301 4.97568
293 4.97301 4.97301
294 4.97301 4.97301
295 4.97301 4.97301
296 4.97301 4.97301
297 4.97301 5.04953
298 4.97301 4.97301
299 4.97301 4.97301
300 4.97301 4.97301
301 4.97301 4.97301
302 4.94325 4.97182
303 4.56254 4.95183
304 4.56254 4.84035
305 4.56254 4.69496
306 4.56254 4.67558
307 4.56254 4.57777
308 4.56254 4.56254
309 4.56254 4.56254
310 4.56254 4.56254
311 4.56254 4.56254
312 4.56254 4.56254
313 4.56254 4.56254
314 4.56254 4.56254
315 4.56254 4.56254
316 4.56254 4.56254
317 4.56254 4.56254
318 4.56254 4.56254
319 4.56254 4.56254
320 4.56254 4.56254
321 4.56254 4.56254
322 4.56254 4.56254
323 4.56254 4.56254
324 4.56254 4.56254
325 4.56254 4.56254
326 4.56254 4.56254
327 4.56254 4.56254
328 4.56254 4.56254
329 4.56254 4.56254
330 4.56254 4.56254
331 4.56254 4.56254
332 4.56254 4.56254
333 4.56254 4.56254
334 4.43363 4.55996
335 4.43363 4.54707
336 4.43363 4.51097
337 4.43363 4.47488
338 4.43363 4.44193
339 4.43363 4.43363
340 4.43363 4.43363
341 4.43363 4.43363
342 4.43363 4.80985
343 4.43363 4.43363
344 4.43363 4.44976
345 4.43363 4.66806
346 4.43363 5.18581
347 4.43363 4.70758
348 4.16371 5.73897
349 3.64792 4.5624
350 3.64792 4.26538
351 3.37801 4.05135
352 3.37801 3.78602
353 3.37801 3.57534
354 3.29517 3.38886
355 3.02526 3.36598
356 3.02526 3.34525
357 3.02526 3.25936
358 3.02526 3.20997
359 3.02526 3.09335
360 3.02526 3.05659
361 3.02526 3.02526
362 3.02526 3.02526
363 3.02526 3.02526
364 3.02526 3.02526
365 3.02526 3.02526
366 3.02526 3.02526
367 3.02526 3.02526
368 3.02526 3.02526
369 3.02526 3.02526
370 3.02526 3.02526
371 3.02526 3.02526
372 3.02526 3.02526
373 3.02526 3.02526
374 3.02526 3.03595
375 3.02526 3.02526
376 3.02526 3.02526
377 3.02526 3.02526
378 3.02526 3.02526
379 3.02526 3.02526
380 3.02526 3.02526
381 3.02526 3.02526
382 3.02526 3.02526
383 3.01707 3.02509
384 3.01707 3.02477
385 3.01707 3.02313
386 3.01707 3.02087
387 3.01707 3.01884
388 3.01707 3.01752
389 3.01707 3.01794
390 3.01707 3.01707
391 3.01707 3.01707
392 3.01707 3.01707
393 3.01707 3.01707
394 3.01707 3.0171
395 3.01707 3.01707
396 2.8301 3.01333
397 2.8301 2.99837
398 2.8301 2.98341
399 2.8301 2.91672
400 2.8301 2.8301
401 2.8301 2.8301
402 2.8301 2.8301
403 2.8301 2.8301
404 2.8301 2.8301
405 2.8301 2.8301
406 2.8301 2.8301
407 2.8301 2.8301
408 2.8301 2.8301
409 2.8301 2.8301
410 2.8301 2.8301
411 2.8301 2.8301
412 2.8301 2.8301
413 2.8301 2.8301
414 2.8301 2.8301
415 2.8301 2.8301
416 2.8301 2.8301
417 2.8301 2.8301
418 2.8301 2.8301
419 2.8301 2.8301
420 2.8301 2.8301
421 2.8301 2.8301
422 2.8301 2.8301
423 2.8301 2.8301
424 2.8301 2.8301
425 2.8301 2.89208
426 2.8301 2.83465
427 2.8301 2.83465
428 2.8301 2.8301
429 2.8301 2.8301
430 2.8301 2.8301
431 2.8301 2.8301
432 2.8301 2.8301
433 2.8301 2.8301
434 2.8301 2.8301
435 2.82135 2.82992
436 2.39154 2.8208
437 2.39154 2.72206
438 2.3828 2.53786
439 2.3828 2.49
440 2.3828 2.46873
441 2.3828 2.38717
442 2.3828 2.38559
443 2.3828 2.3828
444 2.3828 2.3828
445 2.3828 2.3828
446 2.3828 2.3828
447 2.3828 2.3828
448 2.3828 2.3828
449 2.3828 2.3828
450 2.3828 2.3828
451 2.3828 2.3828
452 2.3828 2.3828
453 2.3828 2.3828
454 2.3828 2.39053
455 2.3828 2.3828
456 2.3828 2.44666
457 2.3828 3.66477
458 2.3828 2.69839
459 2.3828 2.5434
460 2.3828 2.3828
461 2.3828 2.3828
462 2.3828 2.3828
463 2.3828 2.3828
464 2.3828 2.3828
465 2.3828 2.3828
466 2.3828 2.3828
467 2.3828 2.3828
468 2.3828 2.3828
469 2.3828 2.3828
470 2.3828 2.3828
471 2.3828 2.86872
472 2.3828 2.77482
473 2.3828 2.39639
474 2.3828 3.13193
475 2.3828 2.51861
476 2.3828 2.3828
477 2.3828 3.12615
478 2.3828 2.3828
479 2.3828 2.3828
480 2.3828 2.3835
481 2.3828 2.3828
482 2.3828 2.3828
483 2.3828 2.3828
484 2.3828 2.3828
485 2.3828 2.3828
486 2.3828 2.3828
487 2.3828 2.3828
488 2.3828 2.3828
489 2.3828 2.3828
490 2.3828 2.3828
491 2.3828 2.3828
492 2.3828 2.3828
493 2.3828 2.9836
494 2.3828 2.43281
495 2.3828 2.3828
496 2.3828 2.3828
497 2.3828 2.3828
498 2.3828 2.3828
499 2.3828 2.3828
500 2.3828 2.3828
501 2.3828 2.3828
502 2.3828 2.3828
503 2.3828 2.3828
504 2.3828 2.3828
505 2.3828 2.3828
506 2.3828 2.3828
507 2.3828 2.3828
508 2.3828 2.3828
509 2.3828 2.3828
510 2.3828 2.3828
511 2.3828 2.3828
512 2.3828 2.3828
513 2.3828 2.3828
514 2.3828 2.3828
515 2.3828 2.3828
516 2.3828 2.3828
517 2.3828 2.3828
518 2.3828 2.3828
519 2.3828 2.3828
520 2.3828 2.3828
521 2.3828 2.3828
522 2.3828 2.3828
523 2.3828 2.3828
524 2.3828 2.3828
525 2.3828 2.3828
526 2.3828 2.42052
527 2.3828 2.40186
528 2.3828 2.3828
529 2.3828 2.3828
530 2.3828 2.3828
531 2.3828 2.3828
532 2.3828 2.3828
533 2.3828 2.3828
534 2.3828 2.3828
535 2.3828 2.3828
536 2.3828 2.3828
537 2.3828 2.3828
538 2.3828 2.3828
539 2.3828 2.3828
540 2.3828 2.45526
541 2.3828 2.54064
542 2.3828 2.4495
543 2.3828 2.3828
544 2.3828 2.3828
545 2.3828 2.3828
546 2.3828 2.3828
547 2.3828 2.3828
548 2.3828 2.3828
549 2.3828 2.3828
550 2.3828 2.3828
551 2.3828 2.3828
552 2.3828 2.3828
553 2.3828 2.3828
554 2.3828 2.3828
555 2.35762 2.38229
556 2.35762 2.38179
557 2.35762 2.38129
558 2.35762 2.37575
559 2.35762 2.55378
560 2.35762 2.36731
561 2.35762 2.36177
562 2.35762 2.35762
563 2.35762 2.35762
564 2.35762 2.36345
565 2.35762 2.35762
566 2.35762 2.35762
567 2.35762 2.35762
568 2.35762 2.35762
569 2.35762 2.35762
570 2.35762 2.35762
571 2.35762 2.41563
572 2.35762 2.46558
573 2.35762 3.08641
574 2.35762 3.40231
575 2.35762 2.81106
576 2.35762 2.51162
577 2.35762 2.40393
578 2.35762 2.35762
579 2.35762 2.35762
580 2.35762 2.35762
581 2.35762 2.35762
582 2.35762 2.35762
583 2.35762 2.35762
584 2.35762 2.35762
585 2.35762 2.35762
586 2.35762 2.35762
587 2.35762 2.35762
588 2.35762 2.38423
589 2.35762 2.39958
590 2.35762 2.38174
591 2.35762 2.37409
592 2.35762 2.35762
593 2.35762 2.35762
594 2.35762 2.35762
595 2.35762 2.49704
596 2.35762 2.35762
597 2.35762 2.35762
598 2.35762 2.35762
599 2.35762 2.35762
600 2.35762 2.35762
601 2.35762 2.35762
602 2.35762 2.35762
603 2.35762 2.35762
604 2.35762 2.35762
605 2.35762 2.35762
606 2.35762 2.35762
607 2.35762 2.35762
608 2.35762 2.35762
609 2.35762 2.35762
610 2.35762 2.35762
611 2.35762 2.35762
612 2.35762 2.35762
613 2.35762 2.35762
614 2.35762 2.3679
615 2.35762 2.67979
616 2.35762 2.35762
617 2.35762 2.35762
618 2.35762 2.35762
619 2.35762 2.35762
620 2.35762 2.35762
621 2.35762 2.35762
622 2.35762 2.35762
623 2.35762 2.35762
624 2.35762 2.35762
625 2.35762 2.35762
626 2.35762 2.35762
627 2.35762 2.35762
628 2.35762 2.40553
629 2.35762 2.35762
630 2.35762 2.35762
631 2.35762 2.35762
632 2.35762 2.35762
633 2.35762 2.35762
634 2.35762 2.35762
635 2.35762 2.35762
636 2.35762 2.35762
637 2.35762 2.35762
638 2.35762 2.35762
639 2.35762 2.35762
640 2.35762 2.35762
641 2.35762 2.35762
642 2.35762 2.73789
643 2.35762 2.5333
644 2.35762 2.68621
645 2.35762 2.4987
646 2.35762 2.35762
647 2.35762 2.36703
648 2.35762 2.35762
649 2.35762 2.36903
650 2.35762 2.35762
651 2.35762 2.35762
652 2.35762 2.3674
653 2.35762 2.358
654 2.35762 2.35762
655 2.35762 2.35762
656 2.35762 2.35762
657 2.35762 2.35762
658 2.35762 2.35762
659 2.35762 2.35762
660 2.35762 2.35762
661 2.35762 2.35762
662 2.35762 2.35762
663 2.35762 2.35762
664 2.35762 2.35762
665 2.35762 2.35762
666 2.35762 2.35762
667 2.35762 2.35762
668 2.35762 2.35762
669 2.35762 2.35762
670 2.35762 2.36685
671 2.35762 2.36196
672 2.35762 2.35762
673 2.35762 2.39712
674 2.35762 2.39149
675 2.35762 2.35762
676 2.35762 2.35762
677 2.35762 2.35762
678 2.35762 2.35762
679 2.35762 2.35762
680 2.35762 2.35762
681 2.35762 2.35762
682 2.35762 2.35762
683 2.35762 2.35762
684 2.35762 2.41901
685 2.35762 2.35762
686 2.35762 2.35762
687 2.35762 2.35762
688 2.35762 2.35762
689 2.35762 2.35762
690 2.35762 2.35762
691 2.35762 2.35762
692 2.35762 2.35762
693 2.35762 2.35762
694 2.35762 2.35762
695 2.35762 2.35762
696 2.35762 2.35762
697 2.35762 2.35762
698 2.35762 2.68409
699 2.35762 3.05097
700 2.35762 4.26657
701 2.35762 3.2967
702 2.35762 2.4133
703 2.35762 2.41351
704 2.35762 2.38621
705 2.35762 2.37806
706 2.35762 2.37426
707 2.35762 2.365
708 2.35762 2.4114
709 2.35762 2.36688
710 2.35762 2.35762
711 2.35762 2.35762
712 2.35762 2.35762
713 2.35762 2.35762
714 2.35762 2.35762
715 2.35762 2.35762
716 2.35762 2.35762
717 2.35762 2.35762
718 2.35762 2.35762
719 2.35762 2.35762
720 2.35762 2.35762
721 2.35762 2.35762
722 2.35762 2.35762
723 2.35762 2.35762
724 2.35762 2.35762
725 2.35762 2.35762
726 2.35762 2.35762
727 2.35762 2.35762
728 2.35762 2.35762
729 2.35762 2.35762
730 2.35762 2.35762
731 2.35762 2.35762
732 2.35762 2.35762
733 2.35762 2.35762
734 2.35762 2.35762
735 2.35762 2.35762
736 2.35762 2.35762
737 2.35762 2.35762
738 2.35762 2.35762
739 2.35762 2.35762
740 2.35762 2.35762
741 2.35762 2.35762
742 2.35762 2.35762
743 2.35762 2.45845
744 2.35762 2.35762
745 2.35762 2.35762
746 2.35762 2.35762
747 2.35762 2.35762
748 2.35762 2.35762
749 2.35762 2.35762
750 2.35762 2.35762
751 2.35762 2.35762
752 2.35762 2.35762
753 2.35762 2.35762
754 2.35762 2.35762
755 2.35762 2.35762
756 2.35762 2.35762
757 2.35762 2.35762
758 2.35762 2.35762
759 2.35762 2.35762
760 2.35762 2.35762
761 2.35762 2.35762
762 2.35762 2.35762
763 2.35762 2.35762
764 2.35762 2.35762
765 2.35762 2.35762
766 2.35762 2.35762
767 2.35762 2.35762
768 2.35762 2.35762
769 2.35762 2.35762
770 2.35762 2.35762
771 2.35762 2.35762
772 2.35762 2.35762
773 2.35762 2.35762
774 2.35762 2.35762
775 2.35762 2.35762
776 2.35762 2.35762
777 2.35762 2.35762
778 2.35762 2.35762
779 2.35762 2.35762
780 2.35762 2.35762
781 2.35762 2.36628
782 2.35762 2.36798
783 2.35762 2.54469
784 2.35762 2.62818
785 2.35762 2.76589
786 2.35762 3.35828
787 2.35762 2.55025
788 2.35762 2.52936
789 2.35762 2.56633
790 2.35762 2.61546
791 2.35762 2.35762
792 2.35281 2.35752
793 2.35281 2.37071
794 2.35281 2.42972
795 2.35281 2.35483
796 2.35281 2.56111
797 2.35281 2.35368
798 2.35281 2.3623
799 2.35281 2.35726
800 2.35281 2.35281
801 2.35281 2.35281
802 2.35281 2.35281
803 2.35281 2.35281
804 2.35281 2.35281
805 2.35281 2.35281
806 2.35281 2.35281
807 2.35281 2.35281
808 2.35281 2.35281
809 2.35281 2.35281
810 2.35281 2.35281
811 2.35281 2.35281
812 2.35281 2.35281
813 2.35281 2.35281
814 2.35281 2.35281
815 2.35281 2.35281
816 2.35281 2.35281
817 2.35281 2.35281
818 2.35281 2.35281
819 2.35281 2.35281
820 2.35281 2.35281
821 2.35281 2.35281
822 2.35281 2.35281
823 2.35281 2.35281
824 2.35281 2.35281
825 2.35281 2.35281
826 2.35281 2.35281
827 2.35281 2.35281
828 2.35281 2.35281
829 2.35281 2.35281
830 2.35281 2.35281
831 2.35281 2.7267
832 2.35281 2.46334
833 2.35281 3.02775
834 2.35281 2.76066
835 2.35281 2.35281
836 2.35281 2.35281
837 2.35281 2.35281
838 2.35281 2.35281
839 2.35281 2.36536
840 2.35281 2.35281
841 2.35281 2.35281
842 2.35281 2.35281
843 2.35281 2.35281
844 2.35281 2.35281
845 2.35281 2.35281
846 2.35281 2.35281
847 2.35281 2.35281
848 2.35281 2.35281
849 2.35281 2.35281
850 2.35281 2.35281
851 2.35281 2.35281
852 2.35281 2.35281
853 2.35281 2.42001
854 2.35281 2.35281
855 2.35281 2.35281
856 2.35281 2.35281
857 2.35281 2.35281
858 2.35281 2.35281
859 2.35281 2.35281
860 2.35281 2.35281
861 2.35281 2.35281
862 2.35281 2.35281
863 2.35281 2.35281
864 2.35281 2.35281
865 2.35281 2.35281
866 2.35281 2.35281
867 2.35281 2.35281
868 2.35281 2.35281
869 2.35281 2.35281
870 2.35281 2.35281
871 2.35281 2.35281
872 2.35281 2.35281
873 2.35281 2.35281
874 2.35281 2.35281
875 2.35281 2.35281
876 2.35281 2.35281
877 2.35281 2.35281
878 2.35281 2.35281
879 2.35281 2.35281
880 2.35281 2.35281
881 2.35281 2.35281
882 2.35281 2.35281
883 2.35281 2.35281
884 2.35281 2.35281
885 2.35281 2.35281
886 2.35281 2.35281
887 2.35281 2.35281
888 2.35281 2.35281
889 2.35281 2.35281
890 2.35281 2.35281
891 2.35281 2.35281
892 2.35281 2.35281
893 2.35281 2.35281
894 2.35281 2.35281
895 2.35281 2.35281
896 2.35281 2.35281
897 2.35281 2.35281
898 2.35281 2.35281
899 2.35281 2.35281
900 2.35281 2.35281
901 2.35281 2.35281
902 2.35281 2.35281
903 2.35281 2.35281
904 2.35281 2.35281
905 2.35281 2.35281
906 2.35281 2.35281
907 2.35281 2.35281
908 2.35281 2.35281
909 2.35281 2.35281
910 2.35281 2.35281
911 2.35281 2.35281
912 2.35281 2.35281
913 2.35281 2.35281
914 2.35281 2.60673
915 2.35281 2.35281
916 2.35281 2.35281
917 2.35281 2.35281
918 2.35281 2.35281
919 2.35281 2.35281
920 2.35281 2.35281
921 2.35281 2.35281
922 2.35281 2.35281
923 2.35281 2.35281
924 2.35281 2.35281
925 2.35281 2.35281
926 2.35281 2.35281
927 2.35281 2.35281
928 2.35281 2.35281
929 2.35281 2.35335
930 2.35281 2.35281
931 2.35281 2.35281
932 2.35281 2.35281
933 2.35281 2.35281
934 2.35281 2.35281
935 2.35281 2.35281
936 2.35281 2.35281
937 2.35281 2.35281
938 2.35281 2.35281
939 2.35281 2.35281
940 2.35281 2.35281
941 2.35281 2.35281
942 2.35281 2.36591
943 2.35281 2.3894
944 2.35281 2.40072
945 2.35281 2.35281
946 2.35281 2.35281
947 2.35281 2.35281
948 2.35281 2.35281
949 2.35281 2.35281
950 2.35281 2.35281
951 2.35281 2.38111
952 2.35281 2.35281
953 2.35281 2.35281
954 2.35281 2.35281
955 2.35281 2.35281
956 2.35281 2.35281
957 2.35281 2.35281
958 2.35281 2.35281
959 2.35281 2.35281
960 2.35281 2.35281
961 2.35281 2.35281
962 2.35281 2.35281
963 2.35281 2.35281
964 2.35281 2.35281
965 2.35281 2.35281
966 2.35281 2.35281
967 2.35281 2.35281
968 2.35281 2.35281
969 2.35281 2.35281
970 2.35281 2.35281
971 2.35281 2.35281
972 2.35281 2.35281
973 2.35281 2.35281
974 2.35281 2.35281
975 2.35281 2.35281
976 2.35281 2.35281
977 2.35281 2.35281
978 2.35281 2.35281
979 2.35281 2.35281
980 2.35281 2.35281
981 2.35281 2.35281
982 2.35281 2.35281
983 2.35281 2.35281
984 2.35281 2.35281
985 2.35281 2.35281
986 2.35281 2.35281
987 2.35281 2.35281
988 2.35281 2.35281
989 2.35281 2.35281
990 2.35281 2.35281
991 2.35281 2.35653
992 2.35281 2.35374
993 2.35281 2.35281
994 2.35281 2.70906
995 2.35281 2.52682
996 2.35281 2.41341
997 2.35281 2.97441
998 2.35281 2.35281
999 2.35281 2.35281
1000 2.35281 2.35281
1001 2.35281 2.35281
1002 2.35281 2.35281
1003 2.35281 2.35281
1004 2.35281 2.35281
1005 2.35281 2.35281
1006 2.35281 2.35281
1007 2.35281 2.35281
1008 2.35281 2.35281
1009 2.35281 2.35281
1010 2.35281 2.35281
1011 2.35281 2.35281
1012 2.35281 2.35281
1013 2.35281 2.35281
1014 2.35281 2.35281
1015 2.35281 2.35281
1016 2.35281 2.35281
1017 2.35281 2.35281
1018 2.35281 2.35281
1019 2.35281 2.35281
1020 2.35281 2.35281
1021 2.35281 2.35281
1022 2.35281 2.35281
1023 2.35281 2.35281
1024 2.35281 2.35281
1025 2.35281 2.35281
1026 2.35281 2.35281
1027 2.35281 2.35281
1028 2.35281 2.35281
1029 2.35281 2.35281
1030 2.35281 2.35281
1031 2.35281 2.35281
1032 2.35281 2.35281
1033 2.35281 2.35281
1034 2.35281 2.35281
1035 2.35281 2.35281
1036 2.35281 2.35281
1037 2.35281 2.35281
1038 2.35281 2.35281
1039 2.35281 2.35281
1040 2.35281 2.35281
1041 2.35281 2.35281
1042 2.35281 2.35281
1043 2.35281 2.35281
1044 2.35281 2.35281
1045 2.35281 2.35281
1046 2.35281 2.95969
1047 2.35281 2.35281
1048 2.35281 2.9704
1049 2.35281 3.56393
1050 2.35281 2.6166
1051 2.35281 2.40861
1052 2.35281 2.35281
1053 2.35281 2.35281
1054 2.35281 2.35281
1055 2.35281 2.35281
1056 2.35281 2.35281
1057 2.35281 2.35281
1058 2.35281 2.35281
1059 2.35281 2.35281
1060 2.35281 2.35281
1061 2.35281 2.35281
1062 2.35281 2.35281
1063 2.35281 2.35281
1064 2.35281 2.35281
1065 2.35281 2.35281
1066 2.35281 2.35281
1067 2.35281 2.35281
1068 2.35281 2.35281
1069 2.35281 2.35281
1070 2.35281 2.35281
1071 2.35281 2.35281
1072 2.35281 2.6674
1073 2.35281 2.55328
1074 2.35281 2.35281
1075 2.35281 2.35281
1076 2.35281 2.35281
1077 2.35281 2.35281
1078 2.35281 2.35281
1079 2.35281 2.35281
1080 2.35281 2.35281
1081 2.35281 2.35281
1082 2.35281 2.35281
1083 2.35281 2.35281
1084 2.35281 2.35281
1085 2.35281 2.35281
1086 2.35281 2.35281
1087 2.35281 2.35281
1088 2.35281 2.35281
1089 2.35281 2.35281
1090 2.35281 2.35281
1091 2.35281 2.35281
1092 2.35281 2.35281
1093 2.35281 2.35281
1094 2.35281 2.35281
1095 2.35281 2.35281
1096 2.35281 2.35281
1097 2.35281 2.35281
1098 2.35281 2.35281
1099 2.35281 2.35281
1100 2.35281 2.35281
1101 2.35281 2.35281
1102 2.35281 2.35281
1103 2.35281 2.35281
1104 2.35281 2.44254
1105 2.35281 2.35281
1106 2.35281 2.35281
1107 2.35281 2.35281
1108 2.35281 2.35281
1109 2.35281 2.35281
1110 2.35281 2.35281
1111 2.35281 2.35281
1112 2.35281 2.35281
1113 2.35281 2.35281
1114 2.35281 2.35281
1115 2.35281 2.35281
1116 2.35281 2.35281
1117 2.35281 2.35281
1118 2.35281 2.35281
1119 2.35281 2.35281
1120 2.35281 2.35281
1121 2.35281 2.35281
1122 2.35281 2.35281
1123 2.35281 2.35281
1124 2.35281 2.35281
1125 2.35281 2.35281
1126 2.35281 2.35281
1127 2.35281 2.35281
1128 2.35281 2.35281
1129 2.35281 2.35281
1130 2.35281 2.35281
1131 2.35281 2.35281
1132 2.35281 2.35281
1133 2.35281 2.35281
1134 2.35281 2.35281
1135 2.35281 2.35281
1136 2.35281 2.35281
1137 2.35281 2.35281
1138 2.35281 2.35281
1139 2.35281 2.35281
1140 2.35281 2.35281
1141 2.35281 2.40062
1142 2.35281 2.67695
1143 2.35281 2.39651
1144 2.35281 2.35281
1145 2.35281 2.35281
1146 2.35281 2.35281
1147 2.35281 2.35281
1148 2.35281 2.35281
1149 2.35281 2.35281
1150 2.35281 2.35281
1151 2.35281 2.35281
1152 2.35281 2.35281
1153 2.35281 2.35281
1154 2.35281 2.35281
1155 2.35281 2.35281
1156 2.35281 2.35281
1157 2.35281 2.35281
1158 2.35281 2.35281
1159 2.35281 2.35281
1160 2.35281 2.35281
1161 2.35281 2.35281
1162 2.35281 2.35281
1163 2.35281 2.35281
1164 2.35281 2.35281
1165 2.35281 2.35281
1166 2.35281 2.35281
1167 2.35281 2.35281
1168 2.35281 2.35281
1169 2.35281 2.35281
1170 2.35281 2.35281
1171 2.35281 2.35281
1172 2.35281 2.35281
1173 2.35281 2.35281
1174 2.35281 2.35281
1175 2.35281 2.35281
1176 2.35281 2.35281
1177 2.35281 2.35281
1178 2.35281 2.35281
1179 2.35281 2.35281
1180 2.35281 2.74515
1181 2.35281 2.35382
1182 2.35281 2.35281
1183 2.35281 2.35281
1184 2.35281 2.35281
1185 2.35281 2.35281
1186 2.35281 2.73573
1187 2.35281 2.6169
1188 2.35281 2.35821
1189 2.35281 2.35281
1190 2.35281 2.35281
1191 2.35281 2.35281
1192 2.35281 2.35281
1193 2.35281 2.35281
1194 2.35281 2.35281
1195 2.35281 2.35281
1196 2.35281 2.35281
1197 2.35281 2.35281
1198 2.35281 2.35281
1199 2.35281 2.35281
1200 2.35281 2.35281
1201 2.35281 2.35291
1202 2.35281 2.35281
1203 2.35281 2.35281
1204 2.35281 2.35281
1205 2.35281 2.35281
1206 2.35281 2.35281
1207 2.35281 2.35281
1208 2.35281 2.35281
1209 2.35281 2.35281
1210 2.35281 2.35281
1211 2.35281 2.35281
1212 2.35281 2.35281
1213 2.35281 2.35281
1214 2.35281 2.35281
1215 2.35281 2.35281
1216 2.35281 2.35281
1217 2.35281 2.35281
1218 2.35281 2.35281
1219 2.35281 2.35281
1220 2.35281 2.35281
1221 2.35281 2.35281
1222 2.35281 2.35281
1223 2.35281 2.35281
1224 2.35281 2.35281
1225 2.35281 2.35281
1226 2.35281 2.35281
1227 2.35281 2.35281
1228 2.35281 2.35281
1229 2.35281 2.35281
1230 2.35281 2.35281
1231 2.35281 2.35281
1232 2.35281 2.35281
1233 2.35281 2.35281
1234 2.35281 2.52006
1235 2.35281 2.35281
1236 2.35281 2.35281
1237 2.35281 2.35281
1238 2.35281 2.35281
1239 2.35281 2.35281
1240 2.35281 2.35438
1241 2.35281 2.35281
1242 2.35281 2.35281
1243 2.35281 2.35363
1244 2.35281 2.3533
1245 2.35281 2.35281
1246 2.35281 2.35281
1247 2.35281 2.35281
1248 2.35281 2.35281
1249 2.35281 2.35281
1250 2.35281 2.35281
1251 2.35281 2.35281
1252 2.35281 2.35281
1253 2.35281 2.35281
1254 2.35281 2.35281
1255 2.35281 2.35281
1256 2.35281 2.35281
1257 2.35281 2.35281
1258 2.35281 2.35281
1259 2.35281 2.35281
1260 2.35281 2.35281
1261 2.35281 2.35281
1262 2.35281 2.35281
1263 2.35281 2.35281
1264 2.35281 2.35281
1265 2.35281 2.35281
1266 2.35281 2.35281
1267 2.35281 2.35281
1268 2.35281 2.35281
1269 2.35281 2.35281
1270 2.35281 2.35281
1271 2.35281 2.35281
1272 2.35281 2.35281
1273 2.35281 2.35281
1274 2.35281 2.35281
1275 2.35281 2.35281
1276 2.35281 2.35281
1277 2.35281 2.35281
1278 2.35281 2.35281
1279 2.35281 2.35281
1280 2.35281 2.35281
1281 2.35281 2.35281
1282 2.35281 2.35281
1283 2.35281 2.35281
1284 2.35281 2.35281
1285 2.35281 2.35281
1286 2.35281 2.35281
1287 2.35281 2.47116
1288 2.35281 2.6163
1289 2.35281 2.35281
1290 2.35281 2.35281
1291 2.35281 2.35281
1292 2.35281 2.39362
1293 2.35281 2.35281
1294 2.35281 2.35281
1295 2.35281 2.35281
1296 2.35281 2.35281
1297 2.35281 2.45184
1298 2.35281 2.63621
1299 2.35281 2.4604
1300 2.35281 2.46948
1301 2.35281 2.35281
1302 2.35281 2.35281
1303 2.35281 2.35281
1304 2.35281 2.35281
1305 2.35281 2.35281
1306 2.35281 2.35281
1307 2.35281 2.35281
1308 2.35281 2.35281
1309 2.35281 2.35281
1310 2.35281 2.35281
1311 2.35281 2.35281
1312 2.35281 2.35281
1313 2.35281 2.35281
1314 2.35281 2.35281
1315 2.35281 2.35281
1316 2.35281 2.35281
1317 2.35281 2.35281
1318 2.35281 2.35281
1319 2.35281 2.35281
1320 2.35281 2.35281
1321 2.35281 2.35281
1322 2.35281 2.35281
1323 2.35281 2.35281
1324 2.35281 2.35281
1325 2.35281 2.35281
1326 2.35281 2.35281
1327 2.35281 2.35281
1328 2.35281 2.35281
1329 2.35281 2.35281
1330 2.35281 2.35281
1331 2.35281 2.35281
1332 2.35281 2.35281
1333 2.35281 2.35281
1334 2.35281 2.35281
1335 2.35281 2.35281
1336 2.35281 2.35281
1337 2.35281 2.35281
1338 2.35281 2.35281
1339 2.35281 2.35281
1340 2.35281 2.35281
1341 2.35281 2.35281
1342 2.35281 2.35281
1343 2.35281 2.35281
1344 2.35281 2.41455
1345 2.35281 2.35281
1346 2.35281 2.35281
1347 2.35281 2.35281
1348 2.35281 2.35281
1349 2.35281 2.35281
1350 2.35281 2.35281
1351 2.35281 2.35281
1352 2.35281 2.35281
1353 2.35281 2.35281
1354 2.35281 2.35281
1355 2.35281 2.35281
1356 2.35281 2.35281
1357 2.35281 2.35281
1358 2.35281 2.35281
1359 2.35281 2.35281
1360 2.35281 2.35281
1361 2.35281 2.35281
1362 2.35281 2.35281
1363 2.35281 2.35281
1364 2.35281 2.35281
1365 2.35281 2.35281
1366 2.35281 2.35281
1367 2.35281 2.35281
1368 2.35281 2.35281
1369 2.35281 2.35281
1370 2.35281 2.35281
1371 2.35281 2.35281
1372 2.35281 2.35281
1373 2.35281 2.35281
1374 2.35281 2.35281
1375 2.35281 2.35281
1376 2.35281 2.35281
1377 2.35281 2.35281
1378 2.35281 2.35281
1379 2.35281 2.35281
1380 2.35281 2.35281
1381 2.35281 2.36211
1382 2.35281 2.35281
1383 2.35281 2.35281
1384 2.35281 2.35281
1385 2.35281 2.35281
1386 2.35281 2.35281
1387 2.35281 2.35281
1388 2.35281 2.35281
1389 2.35281 2.35281
1390 2.35281 2.35281
1391 2.35281 2.35281
1392 2.35281 2.35281
1393 2.35281 2.35281
1394 2.35281 2.35281
1395 2.35281 2.35281
1396 2.35281 2.35281
1397 2.35281 2.5236
1398 2.35281 2.35281
1399 2.35281 2.35281
1400 2.35281 2.35281
1401 2.35281 2.35281
1402 2.35281 2.35281
1403 2.35281 2.35281
1404 2.35281 2.35281
1405 2.35281 2.35281
1406 2.35281 2.35281
1407 2.35281 2.35281
1408 2.35281 2.35281
1409 2.35281 2.35281
1410 2.35281 2.35281
1411 2.35281 2.35281
1412 2.35281 2.35281
1413 2.35281 2.35281
1414 2.35281 2.4683
1415 2.35281 2.63576
1416 2.35281 2.38439
1417 2.35281 2.35281
1418 2.35281 2.35281
1419 2.35281 2.35281
1420 2.35281 2.67158
1421 2.35281 2.85533
1422 2.35281 2.44757
1423 2.35281 2.52867
1424 2.35281 2.35281
1425 2.35281 2.78033
1426 2.35281 2.35292
1427 2.35281 2.35281
1428 2.35281 2.35281
1429 2.35281 2.35292
1430 2.35281 2.35281
1431 2.35281 2.35281
1432 2.35281 2.38574
1433 2.35281 2.35281
1434 2.35281 2.35281
1435 2.35281 2.35281
1436 2.35281 2.35281
1437 2.35281 2.56233
1438 2.35281 2.41597
1439 2.35281 2.35281
1440 2.35281 2.35281
1441 2.35281 2.35281
1442 2.35281 2.35281
1443 2.35281 2.35281
1444 2.35281 2.35281
1445 2.35281 2.35281
1446 2.35281 2.35281
1447 2.35281 2.35281
1448 2.35281 2.35281
1449 2.35281 2.35281
1450 2.35281 2.35281
1451 2.35281 2.35281
1452 2.35281 2.35281
1453 2.35281 2.35281
1454 2.35281 2.35281
1455 2.35281 2.35281
1456 2.35281 2.35281
1457 2.35281 2.35281
1458 2.35281 2.35281
1459 2.35281 2.35281
1460 2.35281 2.35281
1461 2.35281 2.35281
1462 2.35281 2.35281
1463 2.35281 2.35281
1464 2.35281 2.35281
1465 2.35281 2.35281
1466 2.35281 2.35933
1467 2.35281 2.35281
1468 2.35281 2.35281
1469 2.35281 2.35281
1470 2.35281 2.35281
1471 2.35281 2.35281
1472 2.35281 2.35281
1473 2.35281 2.35281
1474 2.35281 2.35281
1475 2.35281 2.35281
1476 2.35281 2.35281
1477 2.35281 2.35281
1478 2.35281 2.35281
1479 2.35281 2.35281
1480 2.35281 2.35281
1481 2.35281 2.35281
1482 2.35281 2.35281
1483 2.35281 2.35281
1484 2.35281 2.35281
1485 2.35281 2.35281
1486 2.35281 2.35281
1487 2.35281 2.35281
1488 2.35281 2.35281
1489 2.35281 2.35281
1490 2.35281 2.35281
1491 2.35281 2.35281
1492 2.35281 2.35281
1493 2.35281 2.83879
1494 2.35281 2.74279
1495 2.35281 2.39107
1496 2.35281 2.35281
1497 2.35281 2.35281
1498 2.35281 2.35281
1499 2.35281 2.35281
