-0.489243   -0.499616   0.498625
-0.329293   -0.332078   -0.495922
-0.481599   -0.324795   -0.325152
-0.326658   0.499243   -0.327531
-0.160861   -0.482849   0.485935
0.0121333   -0.330462   0.498258
-0.15386   -0.327606   -0.324092
-0.00251547   -0.491598   -0.339646
0.170499   -0.489954   -0.497151
0.349758   -0.329635   -0.480816
0.152801   -0.329687   -0.316218
0.343269   0.499636   -0.334212
0.497247   -0.169698   -0.498625
-0.347889   -0.0154641   -0.49615
-0.484271   0.00257435   -0.316071
-0.32353   -0.163593   -0.334613
-0.154228   -0.184991   0.494178
0.00706132   -0.0106533   0.492293
-0.166776   -0.00423334   -0.350386
0.00204456   -0.151318   -0.326777
0.17639   -0.165844   0.495727
0.338301   -0.00177667   -0.495635
0.168608   0.00124825   -0.336615
0.33505   -0.168714   -0.32904
-0.49561   0.164044   0.494078
-0.321119   0.340698   0.490842
-0.484243   0.336215   -0.340135
-0.335914   0.168828   -0.337357
-0.164941   0.174872   -0.485518
0.00339163   0.337565   -0.496106
-0.156642   0.341605   -0.329951
0.00708033   0.164894   -0.341581
0.157714   0.156558   0.49436
0.340473   0.333315   0.499446
0.163996   0.331634   -0.342744
0.339632   0.170603   -0.342784
-0.492162   -0.499478   -0.164616
-0.326347   -0.340162   -0.16297
0.490076   -0.332966   -0.000750329
-0.33943   0.490533   0.00735415
-0.163584   -0.497097   -0.154766
-0.00515889   -0.318901   -0.164926
-0.158801   -0.334512   0.00413798
0.00690927   -0.491446   0.00340019
0.175131   0.492306   -0.154174
0.334286   -0.338778   -0.164398
0.168264   -0.324516   0.00134368
0.350391   0.494554   -7.51573e-05
0.496093   -0.164743   -0.177825
-0.310449   0.0207438   -0.170604
0.494826   0.000886972   -0.00812819
-0.349785   -0.167948   -0.0198305
-0.168656   -0.177841   -0.161874
-0.0184435   0.0107264   -0.160469
-0.178581   -0.00793875   -0.0117984
0.00912274   -0.165031   0.0117524
0.158327   -0.161598   -0.170446
0.318157   -0.00262685   -0.167388
0.162971   0.0115436   -0.00237578
0.326812   -0.167633   -0.0113689
0.492554   0.155725   -0.168929
-0.326156   0.332963   -0.166247
0.494421   0.320581   -0.0116258
-0.351141   0.152307   -0.0012015
-0.161249   0.181892   -0.163064
-0.000604593   0.340491   -0.160939
-0.171993   0.348466   0.0147529
-0.0201232   0.160604   0.0161761
0.160083   0.17071   -0.168896
0.326884   0.345029   -0.174383
0.155963   0.337518   0.00674079
0.328544   0.17292   -0.0154907
0.492757   0.495235   0.163443
-0.336327   -0.328771   0.145745
-0.499052   -0.341227   0.330946
-0.328699   -0.496675   0.313288
-0.169285   -0.489994   0.164972
0.0102038   -0.323635   0.165954
-0.171022   -0.328414   0.317179
0.00129248   -0.48107   0.332211
0.164857   0.483683   0.178641
0.332387   -0.358006   0.162772
0.177285   -0.331143   0.328332
0.341287   0.497197   0.340406
0.480496   -0.172633   0.165521
-0.333962   -0.0125955   0.163481
-0.496873   -0.00561252   0.331791
-0.351433   -0.183796   0.337033
-0.178435   -0.163767   0.164689
-0.0175739   -0.0146413   0.173704
-0.169107   -0.00539301   0.333321
0.0110054   -0.179666   0.341929
0.177962   -0.163634   0.169603
0.341039   0.0114098   0.171598
0.161975   -0.0101028   0.326413
0.344831   -0.173706   0.333684
-0.496333   0.156338   0.181
-0.347401   0.329144   0.166928
-0.496017   0.321856   0.339351
-0.325183   0.165692   0.345881
-0.186357   0.160325   0.184531
-0.0164277   0.338939   0.166357
-0.167164   0.347847   0.323015
-0.0151835   0.164863   0.333833
0.156516   0.168973   0.15424
0.343085   0.316972   0.166601
0.157742   0.347015   0.332003
0.313707   0.162743   0.340597
