-0.32967   0.412455   -0.8112
1.43195   1.45414   -0.39272
1.50551   -0.238489   -1.23292
-1.29333   -1.38881   -0.828594
-0.814379   1.55826   0.824952
1.86196   0.432949   -0.00772818
0.0921134   -2.226   -0.640787
0.131988   -1.18317   0.764059
1.68486   0.324921   -0.487681
-0.0783593   -0.414115   -0.930761
-1.80661   0.99576   1.09577
-1.05418   1.21096   -0.337059
1.43589   0.647135   0.194853
-1.0525   0.0186528   1.67155
0.148671   0.403613   0.0494412
0.822494   0.478437   1.20622
0.373397   -0.395762   -0.442398
-0.0486296   -1.33431   1.3359
0.617496   1.61901   0.0657929
0.322096   -0.244852   -0.942833
0.737202   -1.60583   0.744322
-0.295846   -0.740792   -2.61676
0.101031   -1.38757   -0.546007
-1.00705   -0.515251   0.670977
-2.04788   -0.755805   0.501537
0.0512189   -0.274832   -1.1068
0.581965   -1.13967   1.63127
1.7504   -0.162874   -0.529901
-0.341963   0.529013   0.193768
0.363091   -0.509336   -0.102159
-1.93711   0.140047   -0.071554
-0.785593   0.094325   -0.682521
-0.180181   0.811813   0.92514
-0.0484405   -0.210065   0.571587
-0.769246   -0.0645492   0.0862717
-1.16419   0.330356   -2.35879
0.451259   0.192714   1.35477
-0.119701   0.812102   -0.573266
-1.57241   -0.221596   -1.04162
0.222317   1.39781   0.700976
0.195708   0.515677   -0.0894255
0.323159   -0.12891   -0.377412
-0.159965   -0.112744   -0.903245
1.25689   0.124153   1.56402
-0.27903   -0.573333   0.065724
0.0479764   0.569056   -1.69747
-2.5379   -0.0730518   -0.510162
-0.468004   0.149192   -0.232305
0.0249254   0.573902   1.2643
0.37257   -0.374433   -1.95236
0.741427   0.936552   -1.29867
0.436709   -0.53809   0.365214
0.138577   -1.03707   0.404171
0.830493   -0.975129   -1.54228
-0.765964   1.53633   -1.11274
0.177821   0.503568   1.09972
0.356584   -0.55207   1.13349
0.598306   0.489887   -1.68035
-1.40653   0.283971   0.101271
-0.314195   0.6448   1.36055
-1.7229   0.252045   0.648331
1.5469   1.76713   1.67099
-0.129403   0.261029   0.168931
-0.189509   1.38491   0.252643
0.205779   -0.167739   0.216619
1.03791   1.4822   0.81445
-1.25579   -0.611093   -0.505909
-0.473462   0.516159   -0.905242
0.824428   -1.20504   -0.104317
-0.463186   -0.289353   0.802725
-0.574488   0.293126   0.855112
0.657576   -0.115912   -0.000426208
-0.882059   -0.00519028   0.550027
0.812506   -0.809691   0.939771
0.740693   -0.425472   -0.289024
0.586666   -0.985079   1.20338
0.164503   -0.287852   0.757668
-1.20505   0.253957   0.245073
-2.37021   0.271006   0.771123
-0.222642   0.761502   -1.8521
0.368363   -0.806412   -0.893268
0.0737817   -1.53061   1.26658
-1.56989   -0.169071   -0.371732
0.00553627   0.540864   0.13852
-0.218619   -0.705468   0.0570685
0.867547   -1.12092   -0.934295
0.472095   0.138599   -1.39209
1.0697   -0.425863   0.677651
-0.960495   -0.47908   1.3025
0.286962   -1.45558   0.499516
-0.0252716   -0.235244   0.309036
0.189203   0.047892   0.68681
0.608947   -1.03439   -0.940222
1.35218   0.621925   -0.393748
-0.195544   -0.00568103   0.690695
0.065259   -0.445926   1.12437
-0.825149   -0.783451   0.989192
0.0312767   1.64184   -1.21936
0.270966   0.420687   1.84139
-1.02219   -0.307524   0.318765
0.600395   -1.42214   -0.36473
0.53077   1.17263   -0.234478
1.63942   0.494191   0.641577
0.653225   0.66587   -0.232707
-0.279393   0.259997   -0.442508
-0.0617874   1.35404   -1.59299
1.03862   -0.300703   -1.19129
0.436629   0.715828   -0.447192
